# JRE version: OpenJDK Runtime Environment (8.0_275-b01) (build 1.8.0_275-8u275-b01-0ubuntu1~20.10-b01)
# Java VM: OpenJDK 64-Bit Server VM (25.275-b01 mixed mode linux-amd64 compressed oops)
Heap:
 PSYoungGen      total 119296K, used 38555K [0x00000000f5580000, 0x0000000100000000, 0x0000000100000000)
  eden space 64000K, 30% used [0x00000000f5580000,0x00000000f6872a18,0x00000000f9400000)
  from space 55296K, 34% used [0x00000000f9400000,0x00000000fa6b44a0,0x00000000fca00000)
  to   space 51712K, 0% used [0x00000000fcd80000,0x00000000fcd80000,0x0000000100000000)
 ParOldGen       total 349696K, used 227583K [0x00000000e0000000, 0x00000000f5580000, 0x00000000f5580000)
  object space 349696K, 65% used [0x00000000e0000000,0x00000000ede3ffe0,0x00000000f5580000)
 Metaspace       used 104072K, capacity 111816K, committed 113408K, reserved 1146880K
  class space    used 13296K, capacity 14825K, committed 15360K, reserved 1048576K
GC Heap History (10 events):
Event: 1460,426 GC heap before
{Heap before GC invocations=165 (full 10):
 PSYoungGen      total 115712K, used 85378K [0x00000000f5580000, 0x0000000100000000, 0x0000000100000000)
  eden space 85504K, 99% used [0x00000000f5580000,0x00000000fa8e0b88,0x00000000fa900000)
  from space 30208K, 0% used [0x00000000fe280000,0x00000000fe280000,0x0000000100000000)
  to   space 44544K, 0% used [0x00000000fa900000,0x00000000fa900000,0x00000000fd480000)
 ParOldGen       total 349696K, used 159146K [0x00000000e0000000, 0x00000000f5580000, 0x00000000f5580000)
  object space 349696K, 45% used [0x00000000e0000000,0x00000000e9b6a818,0x00000000f5580000)
 Metaspace       used 104043K, capacity 111752K, committed 113408K, reserved 1146880K
  class space    used 13296K, capacity 14825K, committed 15360K, reserved 1048576K
Event: 1460,438 GC heap after
Heap after GC invocations=165 (full 10):
 PSYoungGen      total 130048K, used 7136K [0x00000000f5580000, 0x0000000100000000, 0x0000000100000000)
  eden space 85504K, 0% used [0x00000000f5580000,0x00000000f5580000,0x00000000fa900000)
  from space 44544K, 16% used [0x00000000fa900000,0x00000000faff8168,0x00000000fd480000)
  to   space 43008K, 0% used [0x00000000fd600000,0x00000000fd600000,0x0000000100000000)
 ParOldGen       total 349696K, used 159146K [0x00000000e0000000, 0x00000000f5580000, 0x00000000f5580000)
  object space 349696K, 45% used [0x00000000e0000000,0x00000000e9b6a818,0x00000000f5580000)
 Metaspace       used 104043K, capacity 111752K, committed 113408K, reserved 1146880K
  class space    used 13296K, capacity 14825K, committed 15360K, reserved 1048576K
}
Event: 1460,737 GC heap before
{Heap before GC invocations=166 (full 10):
 PSYoungGen      total 130048K, used 91730K [0x00000000f5580000, 0x0000000100000000, 0x0000000100000000)
  eden space 85504K, 98% used [0x00000000f5580000,0x00000000fa81ca20,0x00000000fa900000)
  from space 44544K, 16% used [0x00000000fa900000,0x00000000faff8168,0x00000000fd480000)
  to   space 43008K, 0% used [0x00000000fd600000,0x00000000fd600000,0x0000000100000000)
 ParOldGen       total 349696K, used 159146K [0x00000000e0000000, 0x00000000f5580000, 0x00000000f5580000)
  object space 349696K, 45% used [0x00000000e0000000,0x00000000e9b6a818,0x00000000f5580000)
 Metaspace       used 104063K, capacity 111752K, committed 113408K, reserved 1146880K
  class space    used 13296K, capacity 14825K, committed 15360K, reserved 1048576K
Event: 1460,772 GC heap after
Heap after GC invocations=166 (full 10):
 PSYoungGen      total 124416K, used 9498K [0x00000000f5580000, 0x00000000ffa80000, 0x0000000100000000)
  eden space 87040K, 0% used [0x00000000f5580000,0x00000000f5580000,0x00000000faa80000)
  from space 37376K, 25% used [0x00000000fd600000,0x00000000fdf46810,0x00000000ffa80000)
  to   space 40960K, 0% used [0x00000000faa80000,0x00000000faa80000,0x00000000fd280000)
 ParOldGen       total 349696K, used 166173K [0x00000000e0000000, 0x00000000f5580000, 0x00000000f5580000)
  object space 349696K, 47% used [0x00000000e0000000,0x00000000ea247438,0x00000000f5580000)
 Metaspace       used 104063K, capacity 111752K, committed 113408K, reserved 1146880K
  class space    used 13296K, capacity 14825K, committed 15360K, reserved 1048576K
}
Event: 1461,146 GC heap before
{Heap before GC invocations=167 (full 10):
 PSYoungGen      total 124416K, used 96538K [0x00000000f5580000, 0x00000000ffa80000, 0x0000000100000000)
  eden space 87040K, 100% used [0x00000000f5580000,0x00000000faa80000,0x00000000faa80000)
  from space 37376K, 25% used [0x00000000fd600000,0x00000000fdf46810,0x00000000ffa80000)
  to   space 40960K, 0% used [0x00000000faa80000,0x00000000faa80000,0x00000000fd280000)
 ParOldGen       total 349696K, used 166173K [0x00000000e0000000, 0x00000000f5580000, 0x00000000f5580000)
  object space 349696K, 47% used [0x00000000e0000000,0x00000000ea247438,0x00000000f5580000)
 Metaspace       used 104069K, capacity 111816K, committed 113408K, reserved 1146880K
  class space    used 13296K, capacity 14825K, committed 15360K, reserved 1048576K
Event: 1461,168 GC heap after
Heap after GC invocations=167 (full 10):
 PSYoungGen      total 128000K, used 24879K [0x00000000f5580000, 0x0000000100000000, 0x0000000100000000)
  eden space 87040K, 0% used [0x00000000f5580000,0x00000000f5580000,0x00000000faa80000)
  from space 40960K, 60% used [0x00000000faa80000,0x00000000fc2cbd00,0x00000000fd280000)
  to   space 42496K, 0% used [0x00000000fd680000,0x00000000fd680000,0x0000000100000000)
 ParOldGen       total 349696K, used 169613K [0x00000000e0000000, 0x00000000f5580000, 0x00000000f5580000)
  object space 349696K, 48% used [0x00000000e0000000,0x00000000ea5a34c8,0x00000000f5580000)
 Metaspace       used 104069K, capacity 111816K, committed 113408K, reserved 1146880K
  class space    used 13296K, capacity 14825K, committed 15360K, reserved 1048576K
}
Event: 1461,520 GC heap before
{Heap before GC invocations=168 (full 10):
 PSYoungGen      total 128000K, used 111919K [0x00000000f5580000, 0x0000000100000000, 0x0000000100000000)
  eden space 87040K, 100% used [0x00000000f5580000,0x00000000faa80000,0x00000000faa80000)
  from space 40960K, 60% used [0x00000000faa80000,0x00000000fc2cbd00,0x00000000fd280000)
  to   space 42496K, 0% used [0x00000000fd680000,0x00000000fd680000,0x0000000100000000)
 ParOldGen       total 349696K, used 169613K [0x00000000e0000000, 0x00000000f5580000, 0x00000000f5580000)
  object space 349696K, 48% used [0x00000000e0000000,0x00000000ea5a34c8,0x00000000f5580000)
 Metaspace       used 104070K, capacity 111816K, committed 113408K, reserved 1146880K
  class space    used 13296K, capacity 14825K, committed 15360K, reserved 1048576K
Event: 1461,599 GC heap after
Heap after GC invocations=168 (full 10):
 PSYoungGen      total 106496K, used 42464K [0x00000000f5580000, 0x0000000100000000, 0x0000000100000000)
  eden space 64000K, 0% used [0x00000000f5580000,0x00000000f5580000,0x00000000f9400000)
  from space 42496K, 99% used [0x00000000fd680000,0x00000000ffff80b0,0x0000000100000000)
  to   space 55296K, 0% used [0x00000000f9400000,0x00000000f9400000,0x00000000fca00000)
 ParOldGen       total 349696K, used 185007K [0x00000000e0000000, 0x00000000f5580000, 0x00000000f5580000)
  object space 349696K, 52% used [0x00000000e0000000,0x00000000eb4abf30,0x00000000f5580000)
 Metaspace       used 104070K, capacity 111816K, committed 113408K, reserved 1146880K
  class space    used 13296K, capacity 14825K, committed 15360K, reserved 1048576K
}
Event: 1462,048 GC heap before
{Heap before GC invocations=169 (full 10):
 PSYoungGen      total 106496K, used 106464K [0x00000000f5580000, 0x0000000100000000, 0x0000000100000000)
  eden space 64000K, 100% used [0x00000000f5580000,0x00000000f9400000,0x00000000f9400000)
  from space 42496K, 99% used [0x00000000fd680000,0x00000000ffff80b0,0x0000000100000000)
  to   space 55296K, 0% used [0x00000000f9400000,0x00000000f9400000,0x00000000fca00000)
 ParOldGen       total 349696K, used 185007K [0x00000000e0000000, 0x00000000f5580000, 0x00000000f5580000)
  object space 349696K, 52% used [0x00000000e0000000,0x00000000eb4abf30,0x00000000f5580000)
 Metaspace       used 104072K, capacity 111816K, committed 113408K, reserved 1146880K
  class space    used 13296K, capacity 14825K, committed 15360K, reserved 1048576K
Event: 1462,119 GC heap after
Heap after GC invocations=169 (full 10):
 PSYoungGen      total 119296K, used 19153K [0x00000000f5580000, 0x0000000100000000, 0x0000000100000000)
  eden space 64000K, 0% used [0x00000000f5580000,0x00000000f5580000,0x00000000f9400000)
  from space 55296K, 34% used [0x00000000f9400000,0x00000000fa6b44a0,0x00000000fca00000)
  to   space 51712K, 0% used [0x00000000fcd80000,0x00000000fcd80000,0x0000000100000000)
 ParOldGen       total 349696K, used 227583K [0x00000000e0000000, 0x00000000f5580000, 0x00000000f5580000)
  object space 349696K, 65% used [0x00000000e0000000,0x00000000ede3ffe0,0x00000000f5580000)
 Metaspace       used 104072K, capacity 111816K, committed 113408K, reserved 1146880K
  class space    used 13296K, capacity 14825K, committed 15360K, reserved 1048576K
}

