{"/home/eduardo/projects/gostack/gobarber/web/src/components/Button/index.tsx": {"path":"/home/eduardo/projects/gostack/gobarber/web/src/components/Button/index.tsx","statementMap":{"0":{"start":{"line":9,"column":38},"end":{"line":11,"column":1}},"1":{"start":{"line":10,"column":2},"end":{"line":10,"column":87}}},"fnMap":{"0":{"name":"(anonymous_0)","decl":{"start":{"line":9,"column":38},"end":{"line":9,"column":39}},"loc":{"start":{"line":10,"column":2},"end":{"line":10,"column":87}},"line":10}},"branchMap":{"0":{"loc":{"start":{"line":10,"column":38},"end":{"line":10,"column":74}},"type":"cond-expr","locations":[{"start":{"line":10,"column":48},"end":{"line":10,"column":63}},{"start":{"line":10,"column":66},"end":{"line":10,"column":74}}],"line":10}},"s":{"0":1,"1":3},"f":{"0":3},"b":{"0":[0,3]},"_coverageSchema":"1a1c01bbd47fc00a2c39e90264f33305004495a9","hash":"d2289f0a1ab486b4d4282baa303e1ba18336e14e"}
,"/home/eduardo/projects/gostack/gobarber/web/src/components/Input/index.tsx": {"path":"/home/eduardo/projects/gostack/gobarber/web/src/components/Input/index.tsx","statementMap":{"0":{"start":{"line":14,"column":36},"end":{"line":57,"column":1}},"1":{"start":{"line":15,"column":19},"end":{"line":15,"column":49}},"2":{"start":{"line":16,"column":36},"end":{"line":16,"column":51}},"3":{"start":{"line":17,"column":34},"end":{"line":17,"column":49}},"4":{"start":{"line":19,"column":60},"end":{"line":19,"column":74}},"5":{"start":{"line":21,"column":27},"end":{"line":23,"column":8}},"6":{"start":{"line":22,"column":4},"end":{"line":22,"column":23}},"7":{"start":{"line":25,"column":26},"end":{"line":29,"column":8}},"8":{"start":{"line":26,"column":4},"end":{"line":26,"column":24}},"9":{"start":{"line":28,"column":4},"end":{"line":28,"column":43}},"10":{"start":{"line":31,"column":2},"end":{"line":37,"column":33}},"11":{"start":{"line":32,"column":4},"end":{"line":36,"column":7}},"12":{"start":{"line":39,"column":2},"end":{"line":56,"column":4}}},"fnMap":{"0":{"name":"(anonymous_0)","decl":{"start":{"line":14,"column":36},"end":{"line":14,"column":37}},"loc":{"start":{"line":14,"column":87},"end":{"line":57,"column":1}},"line":14},"1":{"name":"(anonymous_1)","decl":{"start":{"line":21,"column":39},"end":{"line":21,"column":40}},"loc":{"start":{"line":21,"column":45},"end":{"line":23,"column":3}},"line":21},"2":{"name":"(anonymous_2)","decl":{"start":{"line":25,"column":38},"end":{"line":25,"column":39}},"loc":{"start":{"line":25,"column":44},"end":{"line":29,"column":3}},"line":25},"3":{"name":"(anonymous_3)","decl":{"start":{"line":31,"column":12},"end":{"line":31,"column":13}},"loc":{"start":{"line":31,"column":18},"end":{"line":37,"column":3}},"line":31}},"branchMap":{"0":{"loc":{"start":{"line":41,"column":8},"end":{"line":41,"column":34}},"type":"binary-expr","locations":[{"start":{"line":41,"column":8},"end":{"line":41,"column":12}},{"start":{"line":41,"column":16},"end":{"line":41,"column":34}}],"line":41},"1":{"loc":{"start":{"line":50,"column":7},"end":{"line":54,"column":7}},"type":"binary-expr","locations":[{"start":{"line":50,"column":7},"end":{"line":50,"column":12}},{"start":{"line":51,"column":8},"end":{"line":53,"column":16}}],"line":50}},"s":{"0":2,"1":21,"2":21,"3":21,"4":21,"5":21,"6":2,"7":21,"8":2,"9":2,"10":21,"11":13,"12":21},"f":{"0":21,"1":2,"2":2,"3":13},"b":{"0":[21,14],"1":[21,1]},"_coverageSchema":"1a1c01bbd47fc00a2c39e90264f33305004495a9","hash":"181df3ad8a8e19dbda36cb6d8530c4bf999897e5"}
,"/home/eduardo/projects/gostack/gobarber/web/src/components/ToastContainer/index.tsx": {"path":"/home/eduardo/projects/gostack/gobarber/web/src/components/ToastContainer/index.tsx","statementMap":{"0":{"start":{"line":13,"column":54},"end":{"line":35,"column":1}},"1":{"start":{"line":14,"column":34},"end":{"line":22,"column":3}},"2":{"start":{"line":16,"column":17},"end":{"line":16,"column":27}},"3":{"start":{"line":24,"column":2},"end":{"line":34,"column":4}},"4":{"start":{"line":27,"column":8},"end":{"line":31,"column":10}}},"fnMap":{"0":{"name":"(anonymous_0)","decl":{"start":{"line":13,"column":54},"end":{"line":13,"column":55}},"loc":{"start":{"line":13,"column":72},"end":{"line":35,"column":1}},"line":13},"1":{"name":"(anonymous_1)","decl":{"start":{"line":16,"column":4},"end":{"line":16,"column":5}},"loc":{"start":{"line":16,"column":17},"end":{"line":16,"column":27}},"line":16},"2":{"name":"(anonymous_2)","decl":{"start":{"line":26,"column":35},"end":{"line":26,"column":36}},"loc":{"start":{"line":27,"column":8},"end":{"line":31,"column":10}},"line":27}},"branchMap":{},"s":{"0":0,"1":0,"2":0,"3":0,"4":0},"f":{"0":0,"1":0,"2":0},"b":{}}
,"/home/eduardo/projects/gostack/gobarber/web/src/components/ToastContainer/Toast/index.tsx": {"path":"/home/eduardo/projects/gostack/gobarber/web/src/components/ToastContainer/Toast/index.tsx","statementMap":{"0":{"start":{"line":13,"column":14},"end":{"line":17,"column":1}},"1":{"start":{"line":19,"column":36},"end":{"line":46,"column":1}},"2":{"start":{"line":20,"column":26},"end":{"line":20,"column":36}},"3":{"start":{"line":22,"column":2},"end":{"line":30,"column":32}},"4":{"start":{"line":23,"column":18},"end":{"line":25,"column":12}},"5":{"start":{"line":24,"column":6},"end":{"line":24,"column":30}},"6":{"start":{"line":27,"column":4},"end":{"line":29,"column":6}},"7":{"start":{"line":28,"column":6},"end":{"line":28,"column":26}},"8":{"start":{"line":32,"column":2},"end":{"line":45,"column":4}},"9":{"start":{"line":41,"column":29},"end":{"line":41,"column":52}}},"fnMap":{"0":{"name":"(anonymous_0)","decl":{"start":{"line":19,"column":36},"end":{"line":19,"column":37}},"loc":{"start":{"line":19,"column":60},"end":{"line":46,"column":1}},"line":19},"1":{"name":"(anonymous_1)","decl":{"start":{"line":22,"column":12},"end":{"line":22,"column":13}},"loc":{"start":{"line":22,"column":18},"end":{"line":30,"column":3}},"line":22},"2":{"name":"(anonymous_2)","decl":{"start":{"line":23,"column":29},"end":{"line":23,"column":30}},"loc":{"start":{"line":23,"column":35},"end":{"line":25,"column":5}},"line":23},"3":{"name":"(anonymous_3)","decl":{"start":{"line":27,"column":11},"end":{"line":27,"column":12}},"loc":{"start":{"line":27,"column":17},"end":{"line":29,"column":5}},"line":27},"4":{"name":"(anonymous_4)","decl":{"start":{"line":41,"column":23},"end":{"line":41,"column":24}},"loc":{"start":{"line":41,"column":29},"end":{"line":41,"column":52}},"line":41}},"branchMap":{"0":{"loc":{"start":{"line":34,"column":13},"end":{"line":34,"column":35}},"type":"binary-expr","locations":[{"start":{"line":34,"column":13},"end":{"line":34,"column":25}},{"start":{"line":34,"column":29},"end":{"line":34,"column":35}}],"line":34},"1":{"loc":{"start":{"line":38,"column":9},"end":{"line":38,"column":60}},"type":"binary-expr","locations":[{"start":{"line":38,"column":9},"end":{"line":38,"column":28}},{"start":{"line":38,"column":32},"end":{"line":38,"column":60}}],"line":38}},"s":{"0":0,"1":0,"2":0,"3":0,"4":0,"5":0,"6":0,"7":0,"8":0,"9":0},"f":{"0":0,"1":0,"2":0,"3":0,"4":0},"b":{"0":[0,0],"1":[0,0]}}
,"/home/eduardo/projects/gostack/gobarber/web/src/components/Tooltip/index.tsx": {"path":"/home/eduardo/projects/gostack/gobarber/web/src/components/Tooltip/index.tsx","statementMap":{"0":{"start":{"line":10,"column":40},"end":{"line":15,"column":1}},"1":{"start":{"line":11,"column":2},"end":{"line":14,"column":14}}},"fnMap":{"0":{"name":"(anonymous_0)","decl":{"start":{"line":10,"column":40},"end":{"line":10,"column":41}},"loc":{"start":{"line":11,"column":2},"end":{"line":14,"column":14}},"line":11}},"branchMap":{},"s":{"0":2,"1":1},"f":{"0":1},"b":{},"_coverageSchema":"1a1c01bbd47fc00a2c39e90264f33305004495a9","hash":"4b2376e80c2b89bb552d9fdca320be77d462e11b"}
,"/home/eduardo/projects/gostack/gobarber/web/src/hooks/auth.tsx": {"path":"/home/eduardo/projects/gostack/gobarber/web/src/hooks/auth.tsx","statementMap":{"0":{"start":{"line":28,"column":20},"end":{"line":28,"column":73}},"1":{"start":{"line":30,"column":38},"end":{"line":80,"column":1}},"2":{"start":{"line":31,"column":26},"end":{"line":42,"column":4}},"3":{"start":{"line":32,"column":18},"end":{"line":32,"column":57}},"4":{"start":{"line":33,"column":17},"end":{"line":33,"column":55}},"5":{"start":{"line":35,"column":4},"end":{"line":37,"column":5}},"6":{"start":{"line":36,"column":6},"end":{"line":36,"column":47}},"7":{"start":{"line":39,"column":4},"end":{"line":39,"column":59}},"8":{"start":{"line":41,"column":4},"end":{"line":41,"column":27}},"9":{"start":{"line":44,"column":17},"end":{"line":57,"column":8}},"10":{"start":{"line":45,"column":21},"end":{"line":47,"column":6}},"11":{"start":{"line":49,"column":28},"end":{"line":49,"column":41}},"12":{"start":{"line":51,"column":4},"end":{"line":51,"column":51}},"13":{"start":{"line":52,"column":4},"end":{"line":52,"column":65}},"14":{"start":{"line":54,"column":4},"end":{"line":54,"column":59}},"15":{"start":{"line":56,"column":4},"end":{"line":56,"column":29}},"16":{"start":{"line":59,"column":18},"end":{"line":64,"column":8}},"17":{"start":{"line":60,"column":4},"end":{"line":60,"column":47}},"18":{"start":{"line":61,"column":4},"end":{"line":61,"column":46}},"19":{"start":{"line":63,"column":4},"end":{"line":63,"column":29}},"20":{"start":{"line":66,"column":21},"end":{"line":73,"column":27}},"21":{"start":{"line":67,"column":4},"end":{"line":67,"column":65}},"22":{"start":{"line":69,"column":4},"end":{"line":72,"column":7}},"23":{"start":{"line":75,"column":2},"end":{"line":79,"column":4}},"24":{"start":{"line":83,"column":18},"end":{"line":83,"column":41}},"25":{"start":{"line":85,"column":2},"end":{"line":87,"column":3}},"26":{"start":{"line":86,"column":4},"end":{"line":86,"column":67}},"27":{"start":{"line":89,"column":2},"end":{"line":89,"column":17}}},"fnMap":{"0":{"name":"(anonymous_0)","decl":{"start":{"line":30,"column":38},"end":{"line":30,"column":39}},"loc":{"start":{"line":30,"column":56},"end":{"line":80,"column":1}},"line":30},"1":{"name":"(anonymous_1)","decl":{"start":{"line":31,"column":46},"end":{"line":31,"column":47}},"loc":{"start":{"line":31,"column":52},"end":{"line":42,"column":3}},"line":31},"2":{"name":"(anonymous_2)","decl":{"start":{"line":44,"column":29},"end":{"line":44,"column":30}},"loc":{"start":{"line":44,"column":60},"end":{"line":57,"column":3}},"line":44},"3":{"name":"(anonymous_3)","decl":{"start":{"line":59,"column":30},"end":{"line":59,"column":31}},"loc":{"start":{"line":59,"column":36},"end":{"line":64,"column":3}},"line":59},"4":{"name":"(anonymous_4)","decl":{"start":{"line":66,"column":33},"end":{"line":66,"column":34}},"loc":{"start":{"line":66,"column":49},"end":{"line":73,"column":3}},"line":66},"5":{"name":"useAuth","decl":{"start":{"line":82,"column":16},"end":{"line":82,"column":23}},"loc":{"start":{"line":82,"column":43},"end":{"line":90,"column":1}},"line":82}},"branchMap":{"0":{"loc":{"start":{"line":35,"column":4},"end":{"line":37,"column":5}},"type":"if","locations":[{"start":{"line":35,"column":4},"end":{"line":37,"column":5}},{"start":{"line":35,"column":4},"end":{"line":37,"column":5}}],"line":35},"1":{"loc":{"start":{"line":35,"column":8},"end":{"line":35,"column":21}},"type":"binary-expr","locations":[{"start":{"line":35,"column":8},"end":{"line":35,"column":13}},{"start":{"line":35,"column":17},"end":{"line":35,"column":21}}],"line":35},"2":{"loc":{"start":{"line":85,"column":2},"end":{"line":87,"column":3}},"type":"if","locations":[{"start":{"line":85,"column":2},"end":{"line":87,"column":3}},{"start":{"line":85,"column":2},"end":{"line":87,"column":3}}],"line":85}},"s":{"0":1,"1":1,"2":3,"3":2,"4":2,"5":2,"6":1,"7":1,"8":1,"9":3,"10":1,"11":1,"12":1,"13":1,"14":1,"15":1,"16":3,"17":0,"18":0,"19":0,"20":3,"21":0,"22":0,"23":3,"24":3,"25":3,"26":0,"27":3},"f":{"0":3,"1":2,"2":1,"3":0,"4":0,"5":3},"b":{"0":[1,1],"1":[2,1],"2":[0,3]},"_coverageSchema":"1a1c01bbd47fc00a2c39e90264f33305004495a9","hash":"a2a09e6ceed4cc16091fb17ef497347c0b7cfda6"}
,"/home/eduardo/projects/gostack/gobarber/web/src/hooks/toast.tsx": {"path":"/home/eduardo/projects/gostack/gobarber/web/src/hooks/toast.tsx","statementMap":{"0":{"start":{"line":18,"column":21},"end":{"line":18,"column":76}},"1":{"start":{"line":20,"column":32},"end":{"line":46,"column":1}},"2":{"start":{"line":21,"column":34},"end":{"line":21,"column":62}},"3":{"start":{"line":23,"column":19},"end":{"line":34,"column":8}},"4":{"start":{"line":24,"column":15},"end":{"line":24,"column":21}},"5":{"start":{"line":26,"column":18},"end":{"line":31,"column":5}},"6":{"start":{"line":33,"column":4},"end":{"line":33,"column":46}},"7":{"start":{"line":33,"column":27},"end":{"line":33,"column":44}},"8":{"start":{"line":36,"column":22},"end":{"line":38,"column":8}},"9":{"start":{"line":37,"column":4},"end":{"line":37,"column":73}},"10":{"start":{"line":37,"column":27},"end":{"line":37,"column":71}},"11":{"start":{"line":37,"column":53},"end":{"line":37,"column":70}},"12":{"start":{"line":40,"column":2},"end":{"line":45,"column":4}},"13":{"start":{"line":49,"column":18},"end":{"line":49,"column":42}},"14":{"start":{"line":51,"column":2},"end":{"line":53,"column":3}},"15":{"start":{"line":52,"column":4},"end":{"line":52,"column":68}},"16":{"start":{"line":55,"column":2},"end":{"line":55,"column":17}}},"fnMap":{"0":{"name":"(anonymous_0)","decl":{"start":{"line":20,"column":32},"end":{"line":20,"column":33}},"loc":{"start":{"line":20,"column":50},"end":{"line":46,"column":1}},"line":20},"1":{"name":"(anonymous_1)","decl":{"start":{"line":23,"column":31},"end":{"line":23,"column":32}},"loc":{"start":{"line":23,"column":91},"end":{"line":34,"column":3}},"line":23},"2":{"name":"(anonymous_2)","decl":{"start":{"line":33,"column":16},"end":{"line":33,"column":17}},"loc":{"start":{"line":33,"column":27},"end":{"line":33,"column":44}},"line":33},"3":{"name":"(anonymous_3)","decl":{"start":{"line":36,"column":34},"end":{"line":36,"column":35}},"loc":{"start":{"line":36,"column":50},"end":{"line":38,"column":3}},"line":36},"4":{"name":"(anonymous_4)","decl":{"start":{"line":37,"column":16},"end":{"line":37,"column":17}},"loc":{"start":{"line":37,"column":27},"end":{"line":37,"column":71}},"line":37},"5":{"name":"(anonymous_5)","decl":{"start":{"line":37,"column":40},"end":{"line":37,"column":41}},"loc":{"start":{"line":37,"column":53},"end":{"line":37,"column":70}},"line":37},"6":{"name":"useToast","decl":{"start":{"line":48,"column":9},"end":{"line":48,"column":17}},"loc":{"start":{"line":48,"column":38},"end":{"line":56,"column":1}},"line":48}},"branchMap":{"0":{"loc":{"start":{"line":51,"column":2},"end":{"line":53,"column":3}},"type":"if","locations":[{"start":{"line":51,"column":2},"end":{"line":53,"column":3}},{"start":{"line":51,"column":2},"end":{"line":53,"column":3}}],"line":51}},"s":{"0":0,"1":0,"2":0,"3":0,"4":0,"5":0,"6":0,"7":0,"8":0,"9":0,"10":0,"11":0,"12":0,"13":0,"14":0,"15":0,"16":0},"f":{"0":0,"1":0,"2":0,"3":0,"4":0,"5":0,"6":0},"b":{"0":[0,0]}}
,"/home/eduardo/projects/gostack/gobarber/web/src/pages/Dashboard/index.tsx": {"path":"/home/eduardo/projects/gostack/gobarber/web/src/pages/Dashboard/index.tsx","statementMap":{"0":{"start":{"line":33,"column":28},"end":{"line":247,"column":1}},"1":{"start":{"line":34,"column":42},"end":{"line":34,"column":62}},"2":{"start":{"line":35,"column":42},"end":{"line":35,"column":62}},"3":{"start":{"line":37,"column":52},"end":{"line":37,"column":89}},"4":{"start":{"line":39,"column":42},"end":{"line":39,"column":70}},"5":{"start":{"line":41,"column":28},"end":{"line":41,"column":37}},"6":{"start":{"line":43,"column":27},"end":{"line":47,"column":8}},"7":{"start":{"line":44,"column":4},"end":{"line":46,"column":5}},"8":{"start":{"line":45,"column":6},"end":{"line":45,"column":27}},"9":{"start":{"line":49,"column":28},"end":{"line":51,"column":8}},"10":{"start":{"line":50,"column":4},"end":{"line":50,"column":27}},"11":{"start":{"line":53,"column":2},"end":{"line":62,"column":30}},"12":{"start":{"line":54,"column":4},"end":{"line":61,"column":7}},"13":{"start":{"line":60,"column":6},"end":{"line":60,"column":42}},"14":{"start":{"line":64,"column":2},"end":{"line":83,"column":21}},"15":{"start":{"line":65,"column":4},"end":{"line":82,"column":9}},"16":{"start":{"line":74,"column":38},"end":{"line":79,"column":10}},"17":{"start":{"line":75,"column":10},"end":{"line":78,"column":12}},"18":{"start":{"line":81,"column":8},"end":{"line":81,"column":47}},"19":{"start":{"line":85,"column":23},"end":{"line":96,"column":39}},"20":{"start":{"line":86,"column":18},"end":{"line":93,"column":8}},"21":{"start":{"line":87,"column":28},"end":{"line":87,"column":56}},"22":{"start":{"line":89,"column":21},"end":{"line":89,"column":47}},"23":{"start":{"line":90,"column":22},"end":{"line":90,"column":45}},"24":{"start":{"line":92,"column":8},"end":{"line":92,"column":51}},"25":{"start":{"line":95,"column":4},"end":{"line":95,"column":17}},"26":{"start":{"line":98,"column":29},"end":{"line":100,"column":21}},"27":{"start":{"line":98,"column":43},"end":{"line":100,"column":4}},"28":{"start":{"line":102,"column":26},"end":{"line":102,"column":103}},"29":{"start":{"line":102,"column":40},"end":{"line":102,"column":86}},"30":{"start":{"line":104,"column":30},"end":{"line":108,"column":20}},"31":{"start":{"line":105,"column":4},"end":{"line":107,"column":7}},"32":{"start":{"line":106,"column":6},"end":{"line":106,"column":56}},"33":{"start":{"line":110,"column":32},"end":{"line":114,"column":20}},"34":{"start":{"line":111,"column":4},"end":{"line":113,"column":7}},"35":{"start":{"line":112,"column":6},"end":{"line":112,"column":57}},"36":{"start":{"line":116,"column":26},"end":{"line":118,"column":20}},"37":{"start":{"line":117,"column":4},"end":{"line":117,"column":95}},"38":{"start":{"line":117,"column":46},"end":{"line":117,"column":93}},"39":{"start":{"line":120,"column":2},"end":{"line":246,"column":4}},"40":{"start":{"line":177,"column":14},"end":{"line":189,"column":28}},"41":{"start":{"line":201,"column":14},"end":{"line":213,"column":28}}},"fnMap":{"0":{"name":"(anonymous_0)","decl":{"start":{"line":33,"column":28},"end":{"line":33,"column":29}},"loc":{"start":{"line":33,"column":34},"end":{"line":247,"column":1}},"line":33},"1":{"name":"(anonymous_1)","decl":{"start":{"line":43,"column":39},"end":{"line":43,"column":40}},"loc":{"start":{"line":43,"column":79},"end":{"line":47,"column":3}},"line":43},"2":{"name":"(anonymous_2)","decl":{"start":{"line":49,"column":40},"end":{"line":49,"column":41}},"loc":{"start":{"line":49,"column":57},"end":{"line":51,"column":3}},"line":49},"3":{"name":"(anonymous_3)","decl":{"start":{"line":53,"column":12},"end":{"line":53,"column":13}},"loc":{"start":{"line":53,"column":18},"end":{"line":62,"column":3}},"line":53},"4":{"name":"(anonymous_4)","decl":{"start":{"line":59,"column":12},"end":{"line":59,"column":13}},"loc":{"start":{"line":59,"column":26},"end":{"line":61,"column":5}},"line":59},"5":{"name":"(anonymous_5)","decl":{"start":{"line":64,"column":12},"end":{"line":64,"column":13}},"loc":{"start":{"line":64,"column":18},"end":{"line":83,"column":3}},"line":64},"6":{"name":"(anonymous_6)","decl":{"start":{"line":73,"column":12},"end":{"line":73,"column":13}},"loc":{"start":{"line":73,"column":26},"end":{"line":82,"column":7}},"line":73},"7":{"name":"(anonymous_7)","decl":{"start":{"line":74,"column":56},"end":{"line":74,"column":57}},"loc":{"start":{"line":74,"column":73},"end":{"line":79,"column":9}},"line":74},"8":{"name":"(anonymous_8)","decl":{"start":{"line":85,"column":31},"end":{"line":85,"column":32}},"loc":{"start":{"line":85,"column":37},"end":{"line":96,"column":3}},"line":85},"9":{"name":"(anonymous_9)","decl":{"start":{"line":87,"column":14},"end":{"line":87,"column":15}},"loc":{"start":{"line":87,"column":28},"end":{"line":87,"column":56}},"line":87},"10":{"name":"(anonymous_10)","decl":{"start":{"line":88,"column":11},"end":{"line":88,"column":12}},"loc":{"start":{"line":88,"column":25},"end":{"line":93,"column":7}},"line":88},"11":{"name":"(anonymous_11)","decl":{"start":{"line":98,"column":37},"end":{"line":98,"column":38}},"loc":{"start":{"line":98,"column":43},"end":{"line":100,"column":4}},"line":98},"12":{"name":"(anonymous_12)","decl":{"start":{"line":102,"column":34},"end":{"line":102,"column":35}},"loc":{"start":{"line":102,"column":40},"end":{"line":102,"column":86}},"line":102},"13":{"name":"(anonymous_13)","decl":{"start":{"line":104,"column":38},"end":{"line":104,"column":39}},"loc":{"start":{"line":104,"column":44},"end":{"line":108,"column":3}},"line":104},"14":{"name":"(anonymous_14)","decl":{"start":{"line":105,"column":31},"end":{"line":105,"column":32}},"loc":{"start":{"line":105,"column":48},"end":{"line":107,"column":5}},"line":105},"15":{"name":"(anonymous_15)","decl":{"start":{"line":110,"column":40},"end":{"line":110,"column":41}},"loc":{"start":{"line":110,"column":46},"end":{"line":114,"column":3}},"line":110},"16":{"name":"(anonymous_16)","decl":{"start":{"line":111,"column":31},"end":{"line":111,"column":32}},"loc":{"start":{"line":111,"column":48},"end":{"line":113,"column":5}},"line":111},"17":{"name":"(anonymous_17)","decl":{"start":{"line":116,"column":34},"end":{"line":116,"column":35}},"loc":{"start":{"line":116,"column":40},"end":{"line":118,"column":3}},"line":116},"18":{"name":"(anonymous_18)","decl":{"start":{"line":117,"column":29},"end":{"line":117,"column":30}},"loc":{"start":{"line":117,"column":46},"end":{"line":117,"column":93}},"line":117},"19":{"name":"(anonymous_19)","decl":{"start":{"line":176,"column":37},"end":{"line":176,"column":38}},"loc":{"start":{"line":177,"column":14},"end":{"line":189,"column":28}},"line":177},"20":{"name":"(anonymous_20)","decl":{"start":{"line":200,"column":39},"end":{"line":200,"column":40}},"loc":{"start":{"line":201,"column":14},"end":{"line":213,"column":28}},"line":201}},"branchMap":{"0":{"loc":{"start":{"line":44,"column":4},"end":{"line":46,"column":5}},"type":"if","locations":[{"start":{"line":44,"column":4},"end":{"line":46,"column":5}},{"start":{"line":44,"column":4},"end":{"line":46,"column":5}}],"line":44},"1":{"loc":{"start":{"line":44,"column":8},"end":{"line":44,"column":50}},"type":"binary-expr","locations":[{"start":{"line":44,"column":8},"end":{"line":44,"column":27}},{"start":{"line":44,"column":31},"end":{"line":44,"column":50}}],"line":44},"2":{"loc":{"start":{"line":146,"column":13},"end":{"line":146,"column":55}},"type":"binary-expr","locations":[{"start":{"line":146,"column":13},"end":{"line":146,"column":34}},{"start":{"line":146,"column":38},"end":{"line":146,"column":55}}],"line":146},"3":{"loc":{"start":{"line":151,"column":11},"end":{"line":167,"column":11}},"type":"binary-expr","locations":[{"start":{"line":151,"column":11},"end":{"line":151,"column":32}},{"start":{"line":151,"column":36},"end":{"line":151,"column":51}},{"start":{"line":152,"column":12},"end":{"line":166,"column":30}}],"line":151},"4":{"loc":{"start":{"line":156,"column":23},"end":{"line":156,"column":76}},"type":"binary-expr","locations":[{"start":{"line":156,"column":23},"end":{"line":156,"column":54}},{"start":{"line":156,"column":58},"end":{"line":156,"column":76}}],"line":156},"5":{"loc":{"start":{"line":172,"column":13},"end":{"line":174,"column":13}},"type":"binary-expr","locations":[{"start":{"line":172,"column":13},"end":{"line":172,"column":45}},{"start":{"line":173,"column":14},"end":{"line":173,"column":53}}],"line":172},"6":{"loc":{"start":{"line":184,"column":25},"end":{"line":184,"column":74}},"type":"binary-expr","locations":[{"start":{"line":184,"column":25},"end":{"line":184,"column":52}},{"start":{"line":184,"column":56},"end":{"line":184,"column":74}}],"line":184},"7":{"loc":{"start":{"line":196,"column":13},"end":{"line":198,"column":13}},"type":"binary-expr","locations":[{"start":{"line":196,"column":13},"end":{"line":196,"column":47}},{"start":{"line":197,"column":14},"end":{"line":197,"column":53}}],"line":196},"8":{"loc":{"start":{"line":208,"column":25},"end":{"line":208,"column":74}},"type":"binary-expr","locations":[{"start":{"line":208,"column":25},"end":{"line":208,"column":52}},{"start":{"line":208,"column":56},"end":{"line":208,"column":74}}],"line":208}},"s":{"0":0,"1":0,"2":0,"3":0,"4":0,"5":0,"6":0,"7":0,"8":0,"9":0,"10":0,"11":0,"12":0,"13":0,"14":0,"15":0,"16":0,"17":0,"18":0,"19":0,"20":0,"21":0,"22":0,"23":0,"24":0,"25":0,"26":0,"27":0,"28":0,"29":0,"30":0,"31":0,"32":0,"33":0,"34":0,"35":0,"36":0,"37":0,"38":0,"39":0,"40":0,"41":0},"f":{"0":0,"1":0,"2":0,"3":0,"4":0,"5":0,"6":0,"7":0,"8":0,"9":0,"10":0,"11":0,"12":0,"13":0,"14":0,"15":0,"16":0,"17":0,"18":0,"19":0,"20":0},"b":{"0":[0,0],"1":[0,0],"2":[0,0],"3":[0,0,0],"4":[0,0],"5":[0,0],"6":[0,0],"7":[0,0],"8":[0,0]}}
,"/home/eduardo/projects/gostack/gobarber/web/src/pages/ForgotPassword/index.tsx": {"path":"/home/eduardo/projects/gostack/gobarber/web/src/pages/ForgotPassword/index.tsx","statementMap":{"0":{"start":{"line":23,"column":33},"end":{"line":94,"column":1}},"1":{"start":{"line":24,"column":32},"end":{"line":24,"column":47}},"2":{"start":{"line":25,"column":18},"end":{"line":25,"column":43}},"3":{"start":{"line":27,"column":23},"end":{"line":27,"column":33}},"4":{"start":{"line":29,"column":23},"end":{"line":69,"column":16}},"5":{"start":{"line":30,"column":4},"end":{"line":68,"column":5}},"6":{"start":{"line":31,"column":6},"end":{"line":31,"column":23}},"7":{"start":{"line":33,"column":6},"end":{"line":33,"column":37}},"8":{"start":{"line":35,"column":21},"end":{"line":37,"column":8}},"9":{"start":{"line":39,"column":6},"end":{"line":41,"column":9}},"10":{"start":{"line":43,"column":6},"end":{"line":45,"column":9}},"11":{"start":{"line":47,"column":6},"end":{"line":51,"column":9}},"12":{"start":{"line":53,"column":6},"end":{"line":59,"column":7}},"13":{"start":{"line":54,"column":23},"end":{"line":54,"column":47}},"14":{"start":{"line":56,"column":8},"end":{"line":56,"column":43}},"15":{"start":{"line":58,"column":8},"end":{"line":58,"column":15}},"16":{"start":{"line":61,"column":6},"end":{"line":65,"column":9}},"17":{"start":{"line":67,"column":6},"end":{"line":67,"column":24}},"18":{"start":{"line":71,"column":2},"end":{"line":93,"column":4}}},"fnMap":{"0":{"name":"(anonymous_0)","decl":{"start":{"line":23,"column":33},"end":{"line":23,"column":34}},"loc":{"start":{"line":23,"column":39},"end":{"line":94,"column":1}},"line":23},"1":{"name":"(anonymous_1)","decl":{"start":{"line":29,"column":35},"end":{"line":29,"column":36}},"loc":{"start":{"line":29,"column":75},"end":{"line":69,"column":3}},"line":29}},"branchMap":{"0":{"loc":{"start":{"line":53,"column":6},"end":{"line":59,"column":7}},"type":"if","locations":[{"start":{"line":53,"column":6},"end":{"line":59,"column":7}},{"start":{"line":53,"column":6},"end":{"line":59,"column":7}}],"line":53}},"s":{"0":0,"1":0,"2":0,"3":0,"4":0,"5":0,"6":0,"7":0,"8":0,"9":0,"10":0,"11":0,"12":0,"13":0,"14":0,"15":0,"16":0,"17":0,"18":0},"f":{"0":0,"1":0},"b":{"0":[0,0]}}
,"/home/eduardo/projects/gostack/gobarber/web/src/pages/Profile/index.tsx": {"path":"/home/eduardo/projects/gostack/gobarber/web/src/pages/Profile/index.tsx","statementMap":{"0":{"start":{"line":30,"column":26},"end":{"line":159,"column":1}},"1":{"start":{"line":31,"column":18},"end":{"line":31,"column":43}},"2":{"start":{"line":32,"column":23},"end":{"line":32,"column":33}},"3":{"start":{"line":33,"column":18},"end":{"line":33,"column":30}},"4":{"start":{"line":35,"column":31},"end":{"line":35,"column":40}},"5":{"start":{"line":37,"column":23},"end":{"line":98,"column":37}},"6":{"start":{"line":38,"column":4},"end":{"line":97,"column":5}},"7":{"start":{"line":39,"column":6},"end":{"line":39,"column":37}},"8":{"start":{"line":41,"column":21},"end":{"line":55,"column":8}},"9":{"start":{"line":46,"column":23},"end":{"line":46,"column":35}},"10":{"start":{"line":51,"column":23},"end":{"line":51,"column":35}},"11":{"start":{"line":57,"column":6},"end":{"line":59,"column":9}},"12":{"start":{"line":61,"column":77},"end":{"line":61,"column":81}},"13":{"start":{"line":63,"column":23},"end":{"line":70,"column":17}},"14":{"start":{"line":72,"column":23},"end":{"line":72,"column":58}},"15":{"start":{"line":74,"column":6},"end":{"line":74,"column":32}},"16":{"start":{"line":76,"column":6},"end":{"line":76,"column":33}},"17":{"start":{"line":78,"column":6},"end":{"line":82,"column":9}},"18":{"start":{"line":84,"column":6},"end":{"line":90,"column":7}},"19":{"start":{"line":85,"column":23},"end":{"line":85,"column":47}},"20":{"start":{"line":87,"column":8},"end":{"line":87,"column":43}},"21":{"start":{"line":89,"column":8},"end":{"line":89,"column":15}},"22":{"start":{"line":92,"column":6},"end":{"line":96,"column":9}},"23":{"start":{"line":100,"column":29},"end":{"line":115,"column":28}},"24":{"start":{"line":101,"column":4},"end":{"line":114,"column":5}},"25":{"start":{"line":102,"column":19},"end":{"line":102,"column":33}},"26":{"start":{"line":104,"column":6},"end":{"line":104,"column":47}},"27":{"start":{"line":106,"column":6},"end":{"line":113,"column":9}},"28":{"start":{"line":107,"column":8},"end":{"line":107,"column":34}},"29":{"start":{"line":109,"column":8},"end":{"line":112,"column":11}},"30":{"start":{"line":117,"column":2},"end":{"line":158,"column":4}}},"fnMap":{"0":{"name":"(anonymous_0)","decl":{"start":{"line":30,"column":26},"end":{"line":30,"column":27}},"loc":{"start":{"line":30,"column":32},"end":{"line":159,"column":1}},"line":30},"1":{"name":"(anonymous_1)","decl":{"start":{"line":37,"column":35},"end":{"line":37,"column":36}},"loc":{"start":{"line":37,"column":67},"end":{"line":98,"column":3}},"line":37},"2":{"name":"(anonymous_2)","decl":{"start":{"line":46,"column":14},"end":{"line":46,"column":15}},"loc":{"start":{"line":46,"column":23},"end":{"line":46,"column":35}},"line":46},"3":{"name":"(anonymous_3)","decl":{"start":{"line":51,"column":14},"end":{"line":51,"column":15}},"loc":{"start":{"line":51,"column":23},"end":{"line":51,"column":35}},"line":51},"4":{"name":"(anonymous_4)","decl":{"start":{"line":100,"column":41},"end":{"line":100,"column":42}},"loc":{"start":{"line":100,"column":79},"end":{"line":115,"column":3}},"line":100},"5":{"name":"(anonymous_5)","decl":{"start":{"line":106,"column":44},"end":{"line":106,"column":45}},"loc":{"start":{"line":106,"column":58},"end":{"line":113,"column":7}},"line":106}},"branchMap":{"0":{"loc":{"start":{"line":66,"column":12},"end":{"line":70,"column":14}},"type":"cond-expr","locations":[{"start":{"line":66,"column":27},"end":{"line":70,"column":9}},{"start":{"line":70,"column":12},"end":{"line":70,"column":14}}],"line":66},"1":{"loc":{"start":{"line":84,"column":6},"end":{"line":90,"column":7}},"type":"if","locations":[{"start":{"line":84,"column":6},"end":{"line":90,"column":7}},{"start":{"line":84,"column":6},"end":{"line":90,"column":7}}],"line":84},"2":{"loc":{"start":{"line":101,"column":4},"end":{"line":114,"column":5}},"type":"if","locations":[{"start":{"line":101,"column":4},"end":{"line":114,"column":5}},{"start":{"line":101,"column":4},"end":{"line":114,"column":5}}],"line":101},"3":{"loc":{"start":{"line":137,"column":22},"end":{"line":137,"column":59}},"type":"binary-expr","locations":[{"start":{"line":137,"column":22},"end":{"line":137,"column":37}},{"start":{"line":137,"column":41},"end":{"line":137,"column":59}}],"line":137}},"s":{"0":0,"1":0,"2":0,"3":0,"4":0,"5":0,"6":0,"7":0,"8":0,"9":0,"10":0,"11":0,"12":0,"13":0,"14":0,"15":0,"16":0,"17":0,"18":0,"19":0,"20":0,"21":0,"22":0,"23":0,"24":0,"25":0,"26":0,"27":0,"28":0,"29":0,"30":0},"f":{"0":0,"1":0,"2":0,"3":0,"4":0,"5":0},"b":{"0":[0,0],"1":[0,0],"2":[0,0],"3":[0,0]}}
,"/home/eduardo/projects/gostack/gobarber/web/src/pages/ResetPassword/index.tsx": {"path":"/home/eduardo/projects/gostack/gobarber/web/src/pages/ResetPassword/index.tsx","statementMap":{"0":{"start":{"line":24,"column":32},"end":{"line":96,"column":1}},"1":{"start":{"line":25,"column":18},"end":{"line":25,"column":43}},"2":{"start":{"line":27,"column":23},"end":{"line":27,"column":33}},"3":{"start":{"line":29,"column":18},"end":{"line":29,"column":30}},"4":{"start":{"line":30,"column":19},"end":{"line":30,"column":32}},"5":{"start":{"line":32,"column":23},"end":{"line":74,"column":42}},"6":{"start":{"line":33,"column":4},"end":{"line":73,"column":5}},"7":{"start":{"line":34,"column":6},"end":{"line":34,"column":37}},"8":{"start":{"line":36,"column":21},"end":{"line":39,"column":8}},"9":{"start":{"line":41,"column":6},"end":{"line":43,"column":9}},"10":{"start":{"line":45,"column":50},"end":{"line":45,"column":54}},"11":{"start":{"line":46,"column":20},"end":{"line":46,"column":58}},"12":{"start":{"line":48,"column":6},"end":{"line":50,"column":7}},"13":{"start":{"line":49,"column":8},"end":{"line":49,"column":26}},"14":{"start":{"line":52,"column":6},"end":{"line":56,"column":9}},"15":{"start":{"line":58,"column":6},"end":{"line":58,"column":24}},"16":{"start":{"line":60,"column":6},"end":{"line":66,"column":7}},"17":{"start":{"line":61,"column":23},"end":{"line":61,"column":47}},"18":{"start":{"line":63,"column":8},"end":{"line":63,"column":43}},"19":{"start":{"line":65,"column":8},"end":{"line":65,"column":15}},"20":{"start":{"line":68,"column":6},"end":{"line":72,"column":9}},"21":{"start":{"line":76,"column":2},"end":{"line":95,"column":4}}},"fnMap":{"0":{"name":"(anonymous_0)","decl":{"start":{"line":24,"column":32},"end":{"line":24,"column":33}},"loc":{"start":{"line":24,"column":38},"end":{"line":96,"column":1}},"line":24},"1":{"name":"(anonymous_1)","decl":{"start":{"line":32,"column":35},"end":{"line":32,"column":36}},"loc":{"start":{"line":32,"column":74},"end":{"line":74,"column":3}},"line":32}},"branchMap":{"0":{"loc":{"start":{"line":48,"column":6},"end":{"line":50,"column":7}},"type":"if","locations":[{"start":{"line":48,"column":6},"end":{"line":50,"column":7}},{"start":{"line":48,"column":6},"end":{"line":50,"column":7}}],"line":48},"1":{"loc":{"start":{"line":60,"column":6},"end":{"line":66,"column":7}},"type":"if","locations":[{"start":{"line":60,"column":6},"end":{"line":66,"column":7}},{"start":{"line":60,"column":6},"end":{"line":66,"column":7}}],"line":60}},"s":{"0":0,"1":0,"2":0,"3":0,"4":0,"5":0,"6":0,"7":0,"8":0,"9":0,"10":0,"11":0,"12":0,"13":0,"14":0,"15":0,"16":0,"17":0,"18":0,"19":0,"20":0,"21":0},"f":{"0":0,"1":0},"b":{"0":[0,0],"1":[0,0]}}
,"/home/eduardo/projects/gostack/gobarber/web/src/pages/SignIn/index.tsx": {"path":"/home/eduardo/projects/gostack/gobarber/web/src/pages/SignIn/index.tsx","statementMap":{"0":{"start":{"line":24,"column":25},"end":{"line":90,"column":1}},"1":{"start":{"line":25,"column":18},"end":{"line":25,"column":43}},"2":{"start":{"line":27,"column":21},"end":{"line":27,"column":30}},"3":{"start":{"line":28,"column":23},"end":{"line":28,"column":33}},"4":{"start":{"line":30,"column":23},"end":{"line":62,"column":24}},"5":{"start":{"line":31,"column":4},"end":{"line":61,"column":5}},"6":{"start":{"line":32,"column":6},"end":{"line":32,"column":37}},"7":{"start":{"line":34,"column":21},"end":{"line":37,"column":8}},"8":{"start":{"line":39,"column":6},"end":{"line":41,"column":9}},"9":{"start":{"line":43,"column":6},"end":{"line":46,"column":9}},"10":{"start":{"line":48,"column":6},"end":{"line":54,"column":7}},"11":{"start":{"line":49,"column":23},"end":{"line":49,"column":47}},"12":{"start":{"line":51,"column":8},"end":{"line":51,"column":43}},"13":{"start":{"line":53,"column":8},"end":{"line":53,"column":15}},"14":{"start":{"line":56,"column":6},"end":{"line":60,"column":9}},"15":{"start":{"line":64,"column":2},"end":{"line":89,"column":4}}},"fnMap":{"0":{"name":"(anonymous_0)","decl":{"start":{"line":24,"column":25},"end":{"line":24,"column":26}},"loc":{"start":{"line":24,"column":31},"end":{"line":90,"column":1}},"line":24},"1":{"name":"(anonymous_1)","decl":{"start":{"line":30,"column":35},"end":{"line":30,"column":36}},"loc":{"start":{"line":30,"column":67},"end":{"line":62,"column":3}},"line":30}},"branchMap":{"0":{"loc":{"start":{"line":48,"column":6},"end":{"line":54,"column":7}},"type":"if","locations":[{"start":{"line":48,"column":6},"end":{"line":54,"column":7}},{"start":{"line":48,"column":6},"end":{"line":54,"column":7}}],"line":48}},"s":{"0":1,"1":3,"2":3,"3":3,"4":3,"5":3,"6":3,"7":3,"8":3,"9":2,"10":2,"11":1,"12":1,"13":1,"14":1,"15":3},"f":{"0":3,"1":3},"b":{"0":[1,1]},"_coverageSchema":"1a1c01bbd47fc00a2c39e90264f33305004495a9","hash":"448db72df722a1081e8a81d2fd030a916686e37f"}
,"/home/eduardo/projects/gostack/gobarber/web/src/pages/SignUp/index.tsx": {"path":"/home/eduardo/projects/gostack/gobarber/web/src/pages/SignUp/index.tsx","statementMap":{"0":{"start":{"line":27,"column":25},"end":{"line":97,"column":1}},"1":{"start":{"line":28,"column":18},"end":{"line":28,"column":43}},"2":{"start":{"line":29,"column":23},"end":{"line":29,"column":33}},"3":{"start":{"line":30,"column":18},"end":{"line":30,"column":30}},"4":{"start":{"line":32,"column":23},"end":{"line":70,"column":25}},"5":{"start":{"line":33,"column":4},"end":{"line":69,"column":5}},"6":{"start":{"line":34,"column":6},"end":{"line":34,"column":37}},"7":{"start":{"line":36,"column":21},"end":{"line":40,"column":8}},"8":{"start":{"line":42,"column":6},"end":{"line":44,"column":9}},"9":{"start":{"line":46,"column":6},"end":{"line":46,"column":37}},"10":{"start":{"line":48,"column":6},"end":{"line":48,"column":24}},"11":{"start":{"line":50,"column":6},"end":{"line":54,"column":9}},"12":{"start":{"line":56,"column":6},"end":{"line":62,"column":7}},"13":{"start":{"line":57,"column":23},"end":{"line":57,"column":47}},"14":{"start":{"line":59,"column":8},"end":{"line":59,"column":43}},"15":{"start":{"line":61,"column":8},"end":{"line":61,"column":15}},"16":{"start":{"line":64,"column":6},"end":{"line":68,"column":9}},"17":{"start":{"line":72,"column":2},"end":{"line":96,"column":4}}},"fnMap":{"0":{"name":"(anonymous_0)","decl":{"start":{"line":27,"column":25},"end":{"line":27,"column":26}},"loc":{"start":{"line":27,"column":31},"end":{"line":97,"column":1}},"line":27},"1":{"name":"(anonymous_1)","decl":{"start":{"line":32,"column":35},"end":{"line":32,"column":36}},"loc":{"start":{"line":32,"column":67},"end":{"line":70,"column":3}},"line":32}},"branchMap":{"0":{"loc":{"start":{"line":56,"column":6},"end":{"line":62,"column":7}},"type":"if","locations":[{"start":{"line":56,"column":6},"end":{"line":62,"column":7}},{"start":{"line":56,"column":6},"end":{"line":62,"column":7}}],"line":56}},"s":{"0":0,"1":0,"2":0,"3":0,"4":0,"5":0,"6":0,"7":0,"8":0,"9":0,"10":0,"11":0,"12":0,"13":0,"14":0,"15":0,"16":0,"17":0},"f":{"0":0,"1":0},"b":{"0":[0,0]}}
}
