TN:
SF:src/components/Button/index.tsx
FN:9,(anonymous_0)
FNF:1
FNH:1
FNDA:3,(anonymous_0)
DA:9,1
DA:10,3
LF:2
LH:2
BRDA:10,0,0,0
BRDA:10,0,1,3
BRF:2
BRH:1
end_of_record
TN:
SF:src/components/Input/index.tsx
FN:14,(anonymous_0)
FN:21,(anonymous_1)
FN:25,(anonymous_2)
FN:31,(anonymous_3)
FNF:4
FNH:4
FNDA:18,(anonymous_0)
FNDA:1,(anonymous_1)
FNDA:1,(anonymous_2)
FNDA:10,(anonymous_3)
DA:14,2
DA:15,18
DA:16,18
DA:17,18
DA:19,18
DA:21,18
DA:22,1
DA:25,18
DA:26,1
DA:28,1
DA:31,18
DA:32,10
DA:39,18
LF:13
LH:13
BRDA:41,0,0,18
BRDA:41,0,1,14
BRDA:50,1,0,18
BRDA:50,1,1,1
BRF:4
BRH:4
end_of_record
TN:
SF:src/components/ToastContainer/index.tsx
FN:13,(anonymous_0)
FN:16,(anonymous_1)
FN:26,(anonymous_2)
FNF:3
FNH:0
FNDA:0,(anonymous_0)
FNDA:0,(anonymous_1)
FNDA:0,(anonymous_2)
DA:13,0
DA:14,0
DA:16,0
DA:24,0
DA:27,0
LF:5
LH:0
BRF:0
BRH:0
end_of_record
TN:
SF:src/components/ToastContainer/Toast/index.tsx
FN:19,(anonymous_0)
FN:22,(anonymous_1)
FN:23,(anonymous_2)
FN:27,(anonymous_3)
FN:41,(anonymous_4)
FNF:5
FNH:0
FNDA:0,(anonymous_0)
FNDA:0,(anonymous_1)
FNDA:0,(anonymous_2)
FNDA:0,(anonymous_3)
FNDA:0,(anonymous_4)
DA:13,0
DA:19,0
DA:20,0
DA:22,0
DA:23,0
DA:24,0
DA:27,0
DA:28,0
DA:32,0
DA:41,0
LF:10
LH:0
BRDA:34,0,0,0
BRDA:34,0,1,0
BRDA:38,1,0,0
BRDA:38,1,1,0
BRF:4
BRH:0
end_of_record
TN:
SF:src/components/Tooltip/index.tsx
FN:10,(anonymous_0)
FNF:1
FNH:1
FNDA:1,(anonymous_0)
DA:10,2
DA:11,1
LF:2
LH:2
BRF:0
BRH:0
end_of_record
TN:
SF:src/hooks/auth.tsx
FN:30,(anonymous_0)
FN:31,(anonymous_1)
FN:44,(anonymous_2)
FN:59,(anonymous_3)
FN:66,(anonymous_4)
FN:82,useAuth
FNF:6
FNH:0
FNDA:0,(anonymous_0)
FNDA:0,(anonymous_1)
FNDA:0,(anonymous_2)
FNDA:0,(anonymous_3)
FNDA:0,(anonymous_4)
FNDA:0,useAuth
DA:28,0
DA:30,0
DA:31,0
DA:32,0
DA:33,0
DA:35,0
DA:36,0
DA:39,0
DA:41,0
DA:44,0
DA:45,0
DA:49,0
DA:51,0
DA:52,0
DA:54,0
DA:56,0
DA:59,0
DA:60,0
DA:61,0
DA:63,0
DA:66,0
DA:67,0
DA:69,0
DA:75,0
DA:83,0
DA:85,0
DA:86,0
DA:89,0
LF:28
LH:0
BRDA:35,0,0,0
BRDA:35,0,1,0
BRDA:35,1,0,0
BRDA:35,1,1,0
BRDA:85,2,0,0
BRDA:85,2,1,0
BRF:6
BRH:0
end_of_record
TN:
SF:src/hooks/toast.tsx
FN:20,(anonymous_0)
FN:23,(anonymous_1)
FN:33,(anonymous_2)
FN:36,(anonymous_3)
FN:37,(anonymous_4)
FN:37,(anonymous_5)
FN:48,useToast
FNF:7
FNH:0
FNDA:0,(anonymous_0)
FNDA:0,(anonymous_1)
FNDA:0,(anonymous_2)
FNDA:0,(anonymous_3)
FNDA:0,(anonymous_4)
FNDA:0,(anonymous_5)
FNDA:0,useToast
DA:18,0
DA:20,0
DA:21,0
DA:23,0
DA:24,0
DA:26,0
DA:33,0
DA:36,0
DA:37,0
DA:40,0
DA:49,0
DA:51,0
DA:52,0
DA:55,0
LF:14
LH:0
BRDA:51,0,0,0
BRDA:51,0,1,0
BRF:2
BRH:0
end_of_record
TN:
SF:src/pages/Dashboard/index.tsx
FN:33,(anonymous_0)
FN:43,(anonymous_1)
FN:49,(anonymous_2)
FN:53,(anonymous_3)
FN:59,(anonymous_4)
FN:64,(anonymous_5)
FN:73,(anonymous_6)
FN:74,(anonymous_7)
FN:85,(anonymous_8)
FN:87,(anonymous_9)
FN:88,(anonymous_10)
FN:98,(anonymous_11)
FN:102,(anonymous_12)
FN:104,(anonymous_13)
FN:105,(anonymous_14)
FN:110,(anonymous_15)
FN:111,(anonymous_16)
FN:116,(anonymous_17)
FN:117,(anonymous_18)
FN:176,(anonymous_19)
FN:200,(anonymous_20)
FNF:21
FNH:0
FNDA:0,(anonymous_0)
FNDA:0,(anonymous_1)
FNDA:0,(anonymous_2)
FNDA:0,(anonymous_3)
FNDA:0,(anonymous_4)
FNDA:0,(anonymous_5)
FNDA:0,(anonymous_6)
FNDA:0,(anonymous_7)
FNDA:0,(anonymous_8)
FNDA:0,(anonymous_9)
FNDA:0,(anonymous_10)
FNDA:0,(anonymous_11)
FNDA:0,(anonymous_12)
FNDA:0,(anonymous_13)
FNDA:0,(anonymous_14)
FNDA:0,(anonymous_15)
FNDA:0,(anonymous_16)
FNDA:0,(anonymous_17)
FNDA:0,(anonymous_18)
FNDA:0,(anonymous_19)
FNDA:0,(anonymous_20)
DA:33,0
DA:34,0
DA:35,0
DA:37,0
DA:39,0
DA:41,0
DA:43,0
DA:44,0
DA:45,0
DA:49,0
DA:50,0
DA:53,0
DA:54,0
DA:60,0
DA:64,0
DA:65,0
DA:74,0
DA:75,0
DA:81,0
DA:85,0
DA:86,0
DA:87,0
DA:89,0
DA:90,0
DA:92,0
DA:95,0
DA:98,0
DA:102,0
DA:104,0
DA:105,0
DA:106,0
DA:110,0
DA:111,0
DA:112,0
DA:116,0
DA:117,0
DA:120,0
DA:177,0
DA:201,0
LF:39
LH:0
BRDA:44,0,0,0
BRDA:44,0,1,0
BRDA:44,1,0,0
BRDA:44,1,1,0
BRDA:146,2,0,0
BRDA:146,2,1,0
BRDA:151,3,0,0
BRDA:151,3,1,0
BRDA:151,3,2,0
BRDA:156,4,0,0
BRDA:156,4,1,0
BRDA:172,5,0,0
BRDA:172,5,1,0
BRDA:184,6,0,0
BRDA:184,6,1,0
BRDA:196,7,0,0
BRDA:196,7,1,0
BRDA:208,8,0,0
BRDA:208,8,1,0
BRF:19
BRH:0
end_of_record
TN:
SF:src/pages/ForgotPassword/index.tsx
FN:23,(anonymous_0)
FN:29,(anonymous_1)
FNF:2
FNH:0
FNDA:0,(anonymous_0)
FNDA:0,(anonymous_1)
DA:23,0
DA:24,0
DA:25,0
DA:27,0
DA:29,0
DA:30,0
DA:31,0
DA:33,0
DA:35,0
DA:39,0
DA:43,0
DA:47,0
DA:53,0
DA:54,0
DA:56,0
DA:58,0
DA:61,0
DA:67,0
DA:71,0
LF:19
LH:0
BRDA:53,0,0,0
BRDA:53,0,1,0
BRF:2
BRH:0
end_of_record
TN:
SF:src/pages/Profile/index.tsx
FN:30,(anonymous_0)
FN:37,(anonymous_1)
FN:46,(anonymous_2)
FN:51,(anonymous_3)
FN:100,(anonymous_4)
FN:106,(anonymous_5)
FNF:6
FNH:0
FNDA:0,(anonymous_0)
FNDA:0,(anonymous_1)
FNDA:0,(anonymous_2)
FNDA:0,(anonymous_3)
FNDA:0,(anonymous_4)
FNDA:0,(anonymous_5)
DA:30,0
DA:31,0
DA:32,0
DA:33,0
DA:35,0
DA:37,0
DA:38,0
DA:39,0
DA:41,0
DA:46,0
DA:51,0
DA:57,0
DA:61,0
DA:63,0
DA:72,0
DA:74,0
DA:76,0
DA:78,0
DA:84,0
DA:85,0
DA:87,0
DA:89,0
DA:92,0
DA:100,0
DA:101,0
DA:102,0
DA:104,0
DA:106,0
DA:107,0
DA:109,0
DA:117,0
LF:31
LH:0
BRDA:66,0,0,0
BRDA:66,0,1,0
BRDA:84,1,0,0
BRDA:84,1,1,0
BRDA:101,2,0,0
BRDA:101,2,1,0
BRDA:137,3,0,0
BRDA:137,3,1,0
BRF:8
BRH:0
end_of_record
TN:
SF:src/pages/ResetPassword/index.tsx
FN:24,(anonymous_0)
FN:32,(anonymous_1)
FNF:2
FNH:0
FNDA:0,(anonymous_0)
FNDA:0,(anonymous_1)
DA:24,0
DA:25,0
DA:27,0
DA:29,0
DA:30,0
DA:32,0
DA:33,0
DA:34,0
DA:36,0
DA:41,0
DA:45,0
DA:46,0
DA:48,0
DA:49,0
DA:52,0
DA:58,0
DA:60,0
DA:61,0
DA:63,0
DA:65,0
DA:68,0
DA:76,0
LF:22
LH:0
BRDA:48,0,0,0
BRDA:48,0,1,0
BRDA:60,1,0,0
BRDA:60,1,1,0
BRF:4
BRH:0
end_of_record
TN:
SF:src/pages/SignIn/index.tsx
FN:24,(anonymous_0)
FN:30,(anonymous_1)
FNF:2
FNH:2
FNDA:3,(anonymous_0)
FNDA:3,(anonymous_1)
DA:24,1
DA:25,3
DA:27,3
DA:28,3
DA:30,3
DA:31,3
DA:32,3
DA:34,3
DA:39,3
DA:43,2
DA:48,2
DA:49,1
DA:51,1
DA:53,1
DA:56,1
DA:64,3
LF:16
LH:16
BRDA:48,0,0,1
BRDA:48,0,1,1
BRF:2
BRH:2
end_of_record
TN:
SF:src/pages/SignUp/index.tsx
FN:27,(anonymous_0)
FN:32,(anonymous_1)
FNF:2
FNH:0
FNDA:0,(anonymous_0)
FNDA:0,(anonymous_1)
DA:27,0
DA:28,0
DA:29,0
DA:30,0
DA:32,0
DA:33,0
DA:34,0
DA:36,0
DA:42,0
DA:46,0
DA:48,0
DA:50,0
DA:56,0
DA:57,0
DA:59,0
DA:61,0
DA:64,0
DA:72,0
LF:18
LH:0
BRDA:56,0,0,0
BRDA:56,0,1,0
BRF:2
BRH:0
end_of_record
